2023-12-26 03:30:42,002 INFO supervisord started with pid 1
2023-12-26 03:30:43,004 INFO spawnerr: unknown error making dispatchers for 'hyper': EACCES
2023-12-26 03:30:43,005 INFO spawnerr: unknown error making dispatchers for 'nodejs': EACCES
2023-12-26 03:30:44,007 INFO spawnerr: unknown error making dispatchers for 'hyper': EACCES
2023-12-26 03:30:44,008 INFO spawnerr: unknown error making dispatchers for 'nodejs': EACCES
2023-12-26 03:30:46,010 INFO spawnerr: unknown error making dispatchers for 'hyper': EACCES
2023-12-26 03:30:46,011 INFO spawnerr: unknown error making dispatchers for 'nodejs': EACCES
2023-12-26 03:30:49,022 INFO spawnerr: unknown error making dispatchers for 'hyper': EACCES
2023-12-26 03:30:49,022 INFO gave up: hyper entered FATAL state, too many start retries too quickly
2023-12-26 03:30:49,022 INFO spawnerr: unknown error making dispatchers for 'nodejs': EACCES
2023-12-26 03:30:49,023 INFO gave up: nodejs entered FATAL state, too many start retries too quickly
2023-12-26 04:00:37,151 WARN received SIGTERM indicating exit request
2023-12-26 04:00:40,321 INFO supervisord started with pid 1
2023-12-26 04:00:41,323 INFO spawnerr: unknown error making dispatchers for 'hyper': EACCES
2023-12-26 04:00:41,324 INFO spawnerr: unknown error making dispatchers for 'nodejs': EACCES
2023-12-26 04:00:42,326 INFO spawnerr: unknown error making dispatchers for 'hyper': EACCES
2023-12-26 04:00:42,326 INFO spawnerr: unknown error making dispatchers for 'nodejs': EACCES
2023-12-26 04:00:44,330 INFO spawnerr: unknown error making dispatchers for 'hyper': EACCES
2023-12-26 04:00:44,330 INFO spawnerr: unknown error making dispatchers for 'nodejs': EACCES
2023-12-26 04:00:47,335 INFO spawnerr: unknown error making dispatchers for 'hyper': EACCES
2023-12-26 04:00:47,335 INFO gave up: hyper entered FATAL state, too many start retries too quickly
2023-12-26 04:00:47,336 INFO spawnerr: unknown error making dispatchers for 'nodejs': EACCES
2023-12-26 04:00:47,336 INFO gave up: nodejs entered FATAL state, too many start retries too quickly
2023-12-26 04:02:24,448 WARN received SIGTERM indicating exit request
2023-12-26 15:15:35,308 CRIT Supervisor is running as root.  Privileges were not dropped because no user is specified in the config file.  If you intend to run as root, you can set user=root in the config file to avoid this message.
2023-12-26 15:15:35,322 INFO supervisord started with pid 1
2023-12-26 15:15:36,326 INFO spawned: 'hyper' with pid 7
2023-12-26 15:15:36,328 INFO spawned: 'nodejs' with pid 8
2023-12-26 15:15:36,332 INFO exited: hyper (exit status 1; not expected)
2023-12-26 15:15:37,336 INFO spawned: 'hyper' with pid 16
2023-12-26 15:15:37,337 INFO success: nodejs entered RUNNING state, process has stayed up for > than 1 seconds (startsecs)
2023-12-26 15:15:37,346 INFO exited: hyper (exit status 1; not expected)
2023-12-26 15:15:39,350 INFO spawned: 'hyper' with pid 18
2023-12-26 15:15:39,355 INFO exited: hyper (exit status 1; not expected)
2023-12-26 15:15:42,360 INFO spawned: 'hyper' with pid 20
2023-12-26 15:15:42,366 INFO exited: hyper (exit status 1; not expected)
2023-12-26 15:15:42,366 INFO gave up: hyper entered FATAL state, too many start retries too quickly
2023-12-26 15:16:52,647 INFO reaped unknown pid 89 (terminated by SIGABRT)
2023-12-26 15:16:52,647 INFO reaped unknown pid 92 (exit status 0)
2023-12-26 15:16:52,648 INFO reaped unknown pid 93 (exit status 0)
2023-12-26 15:20:31,909 INFO reaped unknown pid 137 (terminated by SIGSEGV)
2023-12-26 15:20:31,910 INFO reaped unknown pid 140 (exit status 0)
2023-12-26 15:20:31,910 INFO reaped unknown pid 141 (exit status 0)
2023-12-26 15:20:37,918 INFO reaped unknown pid 181 (exit status 0)
2023-12-26 15:20:37,918 INFO reaped unknown pid 182 (exit status 0)
2023-12-26 15:22:16,034 WARN received SIGTERM indicating exit request
2023-12-26 15:22:16,035 INFO waiting for nodejs to die
2023-12-26 15:22:16,037 INFO stopped: nodejs (terminated by SIGTERM)
2023-12-26 16:08:16,714 CRIT Supervisor is running as root.  Privileges were not dropped because no user is specified in the config file.  If you intend to run as root, you can set user=root in the config file to avoid this message.
2023-12-26 16:08:16,718 INFO supervisord started with pid 1
2023-12-26 16:08:17,721 INFO spawned: 'hyper' with pid 7
2023-12-26 16:08:17,725 INFO spawned: 'nodejs' with pid 8
2023-12-26 16:08:17,728 INFO exited: hyper (exit status 1; not expected)
2023-12-26 16:08:18,731 INFO spawned: 'hyper' with pid 16
2023-12-26 16:08:18,732 INFO success: nodejs entered RUNNING state, process has stayed up for > than 1 seconds (startsecs)
2023-12-26 16:08:18,737 INFO exited: hyper (exit status 1; not expected)
2023-12-26 16:08:21,023 INFO spawned: 'hyper' with pid 18
2023-12-26 16:08:21,029 INFO exited: hyper (exit status 1; not expected)
2023-12-26 16:08:24,033 INFO spawned: 'hyper' with pid 34
2023-12-26 16:08:24,038 INFO exited: hyper (exit status 1; not expected)
2023-12-26 16:08:24,039 INFO gave up: hyper entered FATAL state, too many start retries too quickly
2023-12-26 16:29:52,544 WARN received SIGTERM indicating exit request
2023-12-26 16:29:52,545 INFO waiting for nodejs to die
2023-12-26 16:29:52,547 INFO stopped: nodejs (terminated by SIGTERM)
